Copyright 1986-2017 Xilinx, Inc. All Rights Reserved.
------------------------------------------------------------------------------------
| Tool Version : Vivado v.2017.3 (win64) Build 2018833 Wed Oct  4 19:58:22 MDT 2017
| Date         : Sat Sep 19 11:04:22 2020
| Host         : LAPTOP-269KMLDC running 64-bit major release  (build 9200)
| Command      : report_control_sets -file nidhogg_control_sets_placed.rpt
| Design       : nidhogg
| Device       : xc7a35t
------------------------------------------------------------------------------------

Control Set Information

Table of Contents
-----------------
1. Summary
2. Flip-Flop Distribution

1. Summary
----------

+-------------------------------+-------+
|             Status            | Count |
+-------------------------------+-------+
| Number of unique control sets |     7 |
+-------------------------------+-------+


2. Flip-Flop Distribution
-------------------------

+--------------+-----------------------+------------------------+-----------------+--------------+
| Clock Enable | Synchronous Set/Reset | Asynchronous Set/Reset | Total Registers | Total Slices |
+--------------+-----------------------+------------------------+-----------------+--------------+
| No           | No                    | No                     |              52 |           28 |
| No           | No                    | Yes                    |               8 |            1 |
| No           | Yes                   | No                     |             210 |           82 |
| Yes          | No                    | No                     |              92 |           31 |
| Yes          | No                    | Yes                    |               0 |            0 |
| Yes          | Yes                   | No                     |              12 |            2 |
+--------------+-----------------------+------------------------+-----------------+--------------+


