Copyright 1986-2017 Xilinx, Inc. All Rights Reserved.
-----------------------------------------------------------------------------------------------------------------------------------------
| Tool Version : Vivado v.2017.3 (win64) Build 2018833 Wed Oct  4 19:58:22 MDT 2017
| Date         : Wed Aug 19 18:54:47 2020
| Host         : LAPTOP-269KMLDC running 64-bit major release  (build 9200)
| Command      : report_timing_summary -file nidhogg_timing_summary_routed.rpt -warn_on_violation -rpx nidhogg_timing_summary_routed.rpx
| Design       : nidhogg
| Device       : 7a35t-cpg236
| Speed File   : -1  PRODUCTION 1.19 2017-08-11
-----------------------------------------------------------------------------------------------------------------------------------------

Timing Summary Report

------------------------------------------------------------------------------------------------
| Timer Settings
| --------------
------------------------------------------------------------------------------------------------

  Enable Multi Corner Analysis               :  Yes
  Enable Pessimism Removal                   :  Yes
  Pessimism Removal Resolution               :  Nearest Common Node
  Enable Input Delay Default Clock           :  No
  Enable Preset / Clear Arcs                 :  No
  Disable Flight Delays                      :  No
  Ignore I/O Paths                           :  No
  Timing Early Launch at Borrowing Latches   :  false

  Corner  Analyze    Analyze    
  Name    Max Paths  Min Paths  
  ------  ---------  ---------  
  Slow    Yes        Yes        
  Fast    Yes        Yes        



check_timing report

Table of Contents
-----------------
1. checking no_clock
2. checking constant_clock
3. checking pulse_width_clock
4. checking unconstrained_internal_endpoints
5. checking no_input_delay
6. checking no_output_delay
7. checking multiple_clock
8. checking generated_clocks
9. checking loops
10. checking partial_input_delay
11. checking partial_output_delay
12. checking latch_loops

1. checking no_clock
--------------------
 There are 13 register/latch pins with no clock driven by root clock pin: my_keyboard/my_PS2Receiver/db_clk/O_reg/Q (HIGH)

 There are 4 register/latch pins with no clock driven by root clock pin: my_keyboard/my_PS2Receiver/keycode_reg[0]/Q (HIGH)

 There are 4 register/latch pins with no clock driven by root clock pin: my_keyboard/my_PS2Receiver/keycode_reg[1]/Q (HIGH)

 There are 4 register/latch pins with no clock driven by root clock pin: my_keyboard/my_PS2Receiver/keycode_reg[2]/Q (HIGH)

 There are 4 register/latch pins with no clock driven by root clock pin: my_keyboard/my_PS2Receiver/keycode_reg[3]/Q (HIGH)

 There are 4 register/latch pins with no clock driven by root clock pin: my_keyboard/my_PS2Receiver/keycode_reg[4]/Q (HIGH)

 There are 4 register/latch pins with no clock driven by root clock pin: my_keyboard/my_PS2Receiver/keycode_reg[5]/Q (HIGH)

 There are 4 register/latch pins with no clock driven by root clock pin: my_keyboard/my_PS2Receiver/keycode_reg[6]/Q (HIGH)

 There are 4 register/latch pins with no clock driven by root clock pin: my_keyboard/my_PS2Receiver/keycode_reg[7]/Q (HIGH)

 There are 12 register/latch pins with no clock driven by root clock pin: my_timing/hblnk_reg/Q (HIGH)

 There are 12 register/latch pins with no clock driven by root clock pin: my_timing/hcount_reg[0]/Q (HIGH)

 There are 12 register/latch pins with no clock driven by root clock pin: my_timing/hcount_reg[10]/Q (HIGH)

 There are 12 register/latch pins with no clock driven by root clock pin: my_timing/hcount_reg[11]/Q (HIGH)

 There are 12 register/latch pins with no clock driven by root clock pin: my_timing/hcount_reg[1]/Q (HIGH)

 There are 12 register/latch pins with no clock driven by root clock pin: my_timing/hcount_reg[2]/Q (HIGH)

 There are 12 register/latch pins with no clock driven by root clock pin: my_timing/hcount_reg[3]/Q (HIGH)

 There are 12 register/latch pins with no clock driven by root clock pin: my_timing/hcount_reg[4]/Q (HIGH)

 There are 12 register/latch pins with no clock driven by root clock pin: my_timing/hcount_reg[5]/Q (HIGH)

 There are 12 register/latch pins with no clock driven by root clock pin: my_timing/hcount_reg[6]/Q (HIGH)

 There are 12 register/latch pins with no clock driven by root clock pin: my_timing/hcount_reg[7]/Q (HIGH)

 There are 12 register/latch pins with no clock driven by root clock pin: my_timing/hcount_reg[8]/Q (HIGH)

 There are 12 register/latch pins with no clock driven by root clock pin: my_timing/hcount_reg[9]/Q (HIGH)

 There are 12 register/latch pins with no clock driven by root clock pin: my_timing/vblnk_reg/Q (HIGH)

 There are 12 register/latch pins with no clock driven by root clock pin: my_timing/vcount_reg[0]/Q (HIGH)

 There are 12 register/latch pins with no clock driven by root clock pin: my_timing/vcount_reg[10]/Q (HIGH)

 There are 12 register/latch pins with no clock driven by root clock pin: my_timing/vcount_reg[11]/Q (HIGH)

 There are 12 register/latch pins with no clock driven by root clock pin: my_timing/vcount_reg[1]/Q (HIGH)

 There are 12 register/latch pins with no clock driven by root clock pin: my_timing/vcount_reg[2]/Q (HIGH)

 There are 12 register/latch pins with no clock driven by root clock pin: my_timing/vcount_reg[3]/Q (HIGH)

 There are 12 register/latch pins with no clock driven by root clock pin: my_timing/vcount_reg[4]/Q (HIGH)

 There are 12 register/latch pins with no clock driven by root clock pin: my_timing/vcount_reg[5]/Q (HIGH)

 There are 12 register/latch pins with no clock driven by root clock pin: my_timing/vcount_reg[6]/Q (HIGH)

 There are 12 register/latch pins with no clock driven by root clock pin: my_timing/vcount_reg[7]/Q (HIGH)

 There are 12 register/latch pins with no clock driven by root clock pin: my_timing/vcount_reg[8]/Q (HIGH)

 There are 12 register/latch pins with no clock driven by root clock pin: my_timing/vcount_reg[9]/Q (HIGH)


2. checking constant_clock
--------------------------
 There are 0 register/latch pins with constant_clock.


3. checking pulse_width_clock
-----------------------------
 There are 0 register/latch pins which need pulse_width check


4. checking unconstrained_internal_endpoints
--------------------------------------------
 There are 41 pins that are not constrained for maximum delay. (HIGH)

 There are 0 pins that are not constrained for maximum delay due to constant clock.


5. checking no_input_delay
--------------------------
 There are 3 input ports with no input delay specified. (HIGH)

 There are 0 input ports with no input delay but user has a false path constraint.


6. checking no_output_delay
---------------------------
 There are 14 ports with no output delay specified. (HIGH)

 There are 0 ports with no output delay but user has a false path constraint

 There are 0 ports with no output delay but with a timing clock defined on it or propagating through it


7. checking multiple_clock
--------------------------
 There are 0 register/latch pins with multiple clocks.


8. checking generated_clocks
----------------------------
 There are 0 generated clocks that are not connected to a clock source.


9. checking loops
-----------------
 There are 0 combinational loops in the design.


10. checking partial_input_delay
--------------------------------
 There are 0 input ports with partial input delay specified.


11. checking partial_output_delay
---------------------------------
 There are 0 ports with partial output delay specified.


12. checking latch_loops
------------------------
 There are 0 combinational latch loops in the design through latch input



------------------------------------------------------------------------------------------------
| Design Timing Summary
| ---------------------
------------------------------------------------------------------------------------------------

    WNS(ns)      TNS(ns)  TNS Failing Endpoints  TNS Total Endpoints      WHS(ns)      THS(ns)  THS Failing Endpoints  THS Total Endpoints     WPWS(ns)     TPWS(ns)  TPWS Failing Endpoints  TPWS Total Endpoints  
    -------      -------  ---------------------  -------------------      -------      -------  ---------------------  -------------------     --------     --------  ----------------------  --------------------  
     -6.763     -101.428                     24                  752        0.060        0.000                      0                  752        3.000        0.000                       0                   359  


Timing constraints are not met.


------------------------------------------------------------------------------------------------
| Clock Summary
| -------------
------------------------------------------------------------------------------------------------

Clock            Waveform(ns)       Period(ns)      Frequency(MHz)
-----            ------------       ----------      --------------
clk              {0.000 5.000}      10.000          100.000         
  clk_50MHz_clk  {0.000 10.000}     20.000          50.000          
  clk_65MHz_clk  {0.000 7.692}      15.385          65.000          
  clkfbout_clk   {0.000 5.000}      10.000          100.000         


------------------------------------------------------------------------------------------------
| Intra Clock Table
| -----------------
------------------------------------------------------------------------------------------------

Clock                WNS(ns)      TNS(ns)  TNS Failing Endpoints  TNS Total Endpoints      WHS(ns)      THS(ns)  THS Failing Endpoints  THS Total Endpoints     WPWS(ns)     TPWS(ns)  TPWS Failing Endpoints  TPWS Total Endpoints  
-----                -------      -------  ---------------------  -------------------      -------      -------  ---------------------  -------------------     --------     --------  ----------------------  --------------------  
clk                                                                                                                                                                3.000        0.000                       0                     1  
  clk_50MHz_clk       11.647        0.000                      0                  512        0.122        0.000                      0                  512        9.500        0.000                       0                   222  
  clk_65MHz_clk        8.064        0.000                      0                  240        0.095        0.000                      0                  240        7.192        0.000                       0                   133  
  clkfbout_clk                                                                                                                                                     7.845        0.000                       0                     3  


------------------------------------------------------------------------------------------------
| Inter Clock Table
| -----------------
------------------------------------------------------------------------------------------------

From Clock     To Clock           WNS(ns)      TNS(ns)  TNS Failing Endpoints  TNS Total Endpoints      WHS(ns)      THS(ns)  THS Failing Endpoints  THS Total Endpoints  
----------     --------           -------      -------  ---------------------  -------------------      -------      -------  ---------------------  -------------------  
clk_50MHz_clk  clk_65MHz_clk       -6.763     -101.428                     24                   24        0.060        0.000                      0                   24  


------------------------------------------------------------------------------------------------
| Other Path Groups Table
| -----------------------
------------------------------------------------------------------------------------------------

Path Group    From Clock    To Clock          WNS(ns)      TNS(ns)  TNS Failing Endpoints  TNS Total Endpoints      WHS(ns)      THS(ns)  THS Failing Endpoints  THS Total Endpoints  
----------    ----------    --------          -------      -------  ---------------------  -------------------      -------      -------  ---------------------  -------------------  


------------------------------------------------------------------------------------------------
| Timing Details
| --------------
------------------------------------------------------------------------------------------------


---------------------------------------------------------------------------------------------------
From Clock:  clk
  To Clock:  clk

Setup :           NA  Failing Endpoints,  Worst Slack           NA  ,  Total Violation           NA
Hold  :           NA  Failing Endpoints,  Worst Slack           NA  ,  Total Violation           NA
PW    :            0  Failing Endpoints,  Worst Slack        3.000ns,  Total Violation        0.000ns
---------------------------------------------------------------------------------------------------


Pulse Width Checks
--------------------------------------------------------------------------------------
Clock Name:         clk
Waveform(ns):       { 0.000 5.000 }
Period(ns):         10.000
Sources:            { clk }

Check Type        Corner  Lib Pin            Reference Pin  Required(ns)  Actual(ns)  Slack(ns)  Location         Pin
Min Period        n/a     MMCME2_ADV/CLKIN1  n/a            1.249         10.000      8.751      MMCME2_ADV_X1Y0  my_clk/inst/mmcm_adv_inst/CLKIN1
Max Period        n/a     MMCME2_ADV/CLKIN1  n/a            100.000       10.000      90.000     MMCME2_ADV_X1Y0  my_clk/inst/mmcm_adv_inst/CLKIN1
Low Pulse Width   Fast    MMCME2_ADV/CLKIN1  n/a            2.000         5.000       3.000      MMCME2_ADV_X1Y0  my_clk/inst/mmcm_adv_inst/CLKIN1
High Pulse Width  Slow    MMCME2_ADV/CLKIN1  n/a            2.000         5.000       3.000      MMCME2_ADV_X1Y0  my_clk/inst/mmcm_adv_inst/CLKIN1



---------------------------------------------------------------------------------------------------
From Clock:  clk_50MHz_clk
  To Clock:  clk_50MHz_clk

Setup :            0  Failing Endpoints,  Worst Slack       11.647ns,  Total Violation        0.000ns
Hold  :            0  Failing Endpoints,  Worst Slack        0.122ns,  Total Violation        0.000ns
PW    :            0  Failing Endpoints,  Worst Slack        9.500ns,  Total Violation        0.000ns
---------------------------------------------------------------------------------------------------


Max Delay Paths
--------------------------------------------------------------------------------------
Slack (MET) :             11.647ns  (required time - arrival time)
  Source:                 my_k_playerR/counter_reg[57]/C
                            (rising edge-triggered cell FDRE clocked by clk_50MHz_clk  {rise@0.000ns fall@10.000ns period=20.000ns})
  Destination:            my_k_playerR/counter_reg[61]/CE
                            (rising edge-triggered cell FDRE clocked by clk_50MHz_clk  {rise@0.000ns fall@10.000ns period=20.000ns})
  Path Group:             clk_50MHz_clk
  Path Type:              Setup (Max at Slow Process Corner)
  Requirement:            20.000ns  (clk_50MHz_clk rise@20.000ns - clk_50MHz_clk rise@0.000ns)
  Data Path Delay:        8.032ns  (logic 1.200ns (14.939%)  route 6.832ns (85.061%))
  Logic Levels:           6  (LUT4=2 LUT5=2 LUT6=2)
  Clock Path Skew:        -0.024ns (DCD - SCD + CPR)
    Destination Clock Delay (DCD):    -1.548ns = ( 18.452 - 20.000 ) 
    Source Clock Delay      (SCD):    -0.947ns
    Clock Pessimism Removal (CPR):    0.578ns
  Clock Uncertainty:      0.091ns  ((TSJ^2 + DJ^2)^1/2) / 2 + PE
    Total System Jitter     (TSJ):    0.071ns
    Discrete Jitter          (DJ):    0.168ns
    Phase Error              (PE):    0.000ns

    Location             Delay type                Incr(ns)  Path(ns)    Netlist Resource(s)
  -------------------------------------------------------------------    -------------------
                         (clock clk_50MHz_clk rise edge)
                                                      0.000     0.000 r  
    W5                                                0.000     0.000 r  clk (IN)
                         net (fo=0)                   0.000     0.000    my_clk/inst/clk_in1
    W5                   IBUF (Prop_ibuf_I_O)         1.458     1.458 r  my_clk/inst/clkin1_ibufg/O
                         net (fo=1, routed)           1.233     2.691    my_clk/inst/clk_in1_clk
    MMCME2_ADV_X1Y0      MMCME2_ADV (Prop_mmcme2_adv_CLKIN1_CLKOUT1)
                                                     -6.961    -4.269 r  my_clk/inst/mmcm_adv_inst/CLKOUT1
                         net (fo=2, routed)           1.661    -2.608    my_clk/inst/clk_50MHz_clk
    BUFGCTRL_X0Y0        BUFGCTRL (Prop_bufgctrl_I0_O)
                                                      0.096    -2.512 r  my_clk/inst/clkout2_buf/O
                         net (fo=211, routed)         1.565    -0.947    my_k_playerR/clk_50MHz
    SLICE_X13Y37         FDRE                                         r  my_k_playerR/counter_reg[57]/C
  -------------------------------------------------------------------    -------------------
    SLICE_X13Y37         FDRE (Prop_fdre_C_Q)         0.456    -0.491 r  my_k_playerR/counter_reg[57]/Q
                         net (fo=2, routed)           1.098     0.607    my_k_playerR/counter_reg_n_0_[57]
    SLICE_X12Y31         LUT4 (Prop_lut4_I3_O)        0.124     0.731 f  my_k_playerR/counter[63]_i_17__0/O
                         net (fo=2, routed)           0.602     1.333    my_k_playerR/counter[63]_i_17__0_n_0
    SLICE_X12Y30         LUT5 (Prop_lut5_I0_O)        0.124     1.457 r  my_k_playerR/counter[63]_i_36__0/O
                         net (fo=1, routed)           0.803     2.260    my_k_playerR/counter[63]_i_36__0_n_0
    SLICE_X12Y31         LUT6 (Prop_lut6_I5_O)        0.124     2.384 r  my_k_playerR/counter[63]_i_28/O
                         net (fo=1, routed)           0.650     3.035    my_k_playerR/counter[63]_i_28_n_0
    SLICE_X14Y30         LUT5 (Prop_lut5_I3_O)        0.124     3.159 r  my_k_playerR/counter[63]_i_14__0/O
                         net (fo=1, routed)           0.805     3.964    my_k_playerR/counter[63]_i_14__0_n_0
    SLICE_X12Y27         LUT6 (Prop_lut6_I5_O)        0.124     4.088 f  my_k_playerR/counter[63]_i_4__0/O
                         net (fo=3, routed)           0.842     4.931    my_keyboard/counter_reg[17]
    SLICE_X11Y27         LUT4 (Prop_lut4_I1_O)        0.124     5.055 r  my_keyboard/counter[63]_i_2__0/O
                         net (fo=64, routed)          2.031     7.086    my_k_playerR/RP_left_reg
    SLICE_X13Y38         FDRE                                         r  my_k_playerR/counter_reg[61]/CE
  -------------------------------------------------------------------    -------------------

                         (clock clk_50MHz_clk rise edge)
                                                     20.000    20.000 r  
    W5                                                0.000    20.000 r  clk (IN)
                         net (fo=0)                   0.000    20.000    my_clk/inst/clk_in1
    W5                   IBUF (Prop_ibuf_I_O)         1.388    21.388 r  my_clk/inst/clkin1_ibufg/O
                         net (fo=1, routed)           1.162    22.550    my_clk/inst/clk_in1_clk
    MMCME2_ADV_X1Y0      MMCME2_ADV (Prop_mmcme2_adv_CLKIN1_CLKOUT1)
                                                     -7.217    15.332 r  my_clk/inst/mmcm_adv_inst/CLKOUT1
                         net (fo=2, routed)           1.581    16.914    my_clk/inst/clk_50MHz_clk
    BUFGCTRL_X0Y0        BUFGCTRL (Prop_bufgctrl_I0_O)
                                                      0.091    17.005 r  my_clk/inst/clkout2_buf/O
                         net (fo=211, routed)         1.447    18.452    my_k_playerR/clk_50MHz
    SLICE_X13Y38         FDRE                                         r  my_k_playerR/counter_reg[61]/C
                         clock pessimism              0.578    19.029    
                         clock uncertainty           -0.091    18.938    
    SLICE_X13Y38         FDRE (Setup_fdre_C_CE)      -0.205    18.733    my_k_playerR/counter_reg[61]
  -------------------------------------------------------------------
                         required time                         18.733    
                         arrival time                          -7.086    
  -------------------------------------------------------------------
                         slack                                 11.647    





Min Delay Paths
--------------------------------------------------------------------------------------
Slack (MET) :             0.122ns  (arrival time - required time)
  Source:                 my_clk/inst/seq_reg2_reg[0]/C
                            (rising edge-triggered cell FDCE clocked by clk_50MHz_clk  {rise@0.000ns fall@10.000ns period=20.000ns})
  Destination:            my_clk/inst/seq_reg2_reg[1]/D
                            (rising edge-triggered cell FDCE clocked by clk_50MHz_clk  {rise@0.000ns fall@10.000ns period=20.000ns})
  Path Group:             clk_50MHz_clk
  Path Type:              Hold (Min at Fast Process Corner)
  Requirement:            0.000ns  (clk_50MHz_clk rise@0.000ns - clk_50MHz_clk rise@0.000ns)
  Data Path Delay:        0.197ns  (logic 0.141ns (71.611%)  route 0.056ns (28.389%))
  Logic Levels:           0  
  Clock Path Skew:        0.000ns (DCD - SCD - CPR)
    Destination Clock Delay (DCD):    -1.303ns
    Source Clock Delay      (SCD):    -1.037ns
    Clock Pessimism Removal (CPR):    -0.266ns

    Location             Delay type                Incr(ns)  Path(ns)    Netlist Resource(s)
  -------------------------------------------------------------------    -------------------
                         (clock clk_50MHz_clk rise edge)
                                                      0.000     0.000 r  
    W5                                                0.000     0.000 r  clk (IN)
                         net (fo=0)                   0.000     0.000    my_clk/inst/clk_in1
    W5                   IBUF (Prop_ibuf_I_O)         0.226     0.226 r  my_clk/inst/clkin1_ibufg/O
                         net (fo=1, routed)           0.440     0.667    my_clk/inst/clk_in1_clk
    MMCME2_ADV_X1Y0      MMCME2_ADV (Prop_mmcme2_adv_CLKIN1_CLKOUT1)
                                                     -2.360    -1.693 r  my_clk/inst/mmcm_adv_inst/CLKOUT1
                         net (fo=2, routed)           0.366    -1.327    my_clk/inst/clk_50MHz_clk
    BUFHCE_X0Y0          BUFH (Prop_bufh_I_O)         0.020    -1.307 r  my_clk/inst/clkout2_buf_en/O
                         net (fo=8, routed)           0.270    -1.037    my_clk/inst/clk_50MHz_clk_en_clk
    SLICE_X35Y39         FDCE                                         r  my_clk/inst/seq_reg2_reg[0]/C
  -------------------------------------------------------------------    -------------------
    SLICE_X35Y39         FDCE (Prop_fdce_C_Q)         0.141    -0.896 r  my_clk/inst/seq_reg2_reg[0]/Q
                         net (fo=1, routed)           0.056    -0.840    my_clk/inst/seq_reg2[0]
    SLICE_X35Y39         FDCE                                         r  my_clk/inst/seq_reg2_reg[1]/D
  -------------------------------------------------------------------    -------------------

                         (clock clk_50MHz_clk rise edge)
                                                      0.000     0.000 r  
    W5                                                0.000     0.000 r  clk (IN)
                         net (fo=0)                   0.000     0.000    my_clk/inst/clk_in1
    W5                   IBUF (Prop_ibuf_I_O)         0.414     0.414 r  my_clk/inst/clkin1_ibufg/O
                         net (fo=1, routed)           0.480     0.894    my_clk/inst/clk_in1_clk
    MMCME2_ADV_X1Y0      MMCME2_ADV (Prop_mmcme2_adv_CLKIN1_CLKOUT1)
                                                     -3.142    -2.248 r  my_clk/inst/mmcm_adv_inst/CLKOUT1
                         net (fo=2, routed)           0.407    -1.841    my_clk/inst/clk_50MHz_clk
    BUFHCE_X0Y0          BUFH (Prop_bufh_I_O)         0.043    -1.798 r  my_clk/inst/clkout2_buf_en/O
                         net (fo=8, routed)           0.495    -1.303    my_clk/inst/clk_50MHz_clk_en_clk
    SLICE_X35Y39         FDCE                                         r  my_clk/inst/seq_reg2_reg[1]/C
                         clock pessimism              0.266    -1.037    
    SLICE_X35Y39         FDCE (Hold_fdce_C_D)         0.075    -0.962    my_clk/inst/seq_reg2_reg[1]
  -------------------------------------------------------------------
                         required time                          0.962    
                         arrival time                          -0.840    
  -------------------------------------------------------------------
                         slack                                  0.122    





Pulse Width Checks
--------------------------------------------------------------------------------------
Clock Name:         clk_50MHz_clk
Waveform(ns):       { 0.000 10.000 }
Period(ns):         20.000
Sources:            { my_clk/inst/mmcm_adv_inst/CLKOUT1 }

Check Type        Corner  Lib Pin             Reference Pin  Required(ns)  Actual(ns)  Slack(ns)  Location         Pin
Min Period        n/a     BUFGCTRL/I0         n/a            2.155         20.000      17.845     BUFGCTRL_X0Y0    my_clk/inst/clkout2_buf/I0
Max Period        n/a     MMCME2_ADV/CLKOUT1  n/a            213.360       20.000      193.360    MMCME2_ADV_X1Y0  my_clk/inst/mmcm_adv_inst/CLKOUT1
Low Pulse Width   Fast    FDRE/C              n/a            0.500         10.000      9.500      SLICE_X0Y23      my_k_playerL/LP_x_pos_nxt_reg[10]/C
High Pulse Width  Slow    FDRE/C              n/a            0.500         10.000      9.500      SLICE_X0Y23      my_k_playerL/LP_x_pos_nxt_reg[10]/C



---------------------------------------------------------------------------------------------------
From Clock:  clk_65MHz_clk
  To Clock:  clk_65MHz_clk

Setup :            0  Failing Endpoints,  Worst Slack        8.064ns,  Total Violation        0.000ns
Hold  :            0  Failing Endpoints,  Worst Slack        0.095ns,  Total Violation        0.000ns
PW    :            0  Failing Endpoints,  Worst Slack        7.192ns,  Total Violation        0.000ns
---------------------------------------------------------------------------------------------------


Max Delay Paths
--------------------------------------------------------------------------------------
Slack (MET) :             8.064ns  (required time - arrival time)
  Source:                 my_image_playerL_legs/rgb_reg_1/CLKARDCLK
                            (rising edge-triggered cell RAMB18E1 clocked by clk_65MHz_clk  {rise@0.000ns fall@7.692ns period=15.385ns})
  Destination:            my_players/rgb_out_reg[11]/D
                            (rising edge-triggered cell FDCE clocked by clk_65MHz_clk  {rise@0.000ns fall@7.692ns period=15.385ns})
  Path Group:             clk_65MHz_clk
  Path Type:              Setup (Max at Slow Process Corner)
  Requirement:            15.385ns  (clk_65MHz_clk rise@15.385ns - clk_65MHz_clk rise@0.000ns)
  Data Path Delay:        7.240ns  (logic 2.950ns (40.746%)  route 4.290ns (59.254%))
  Logic Levels:           4  (LUT4=2 LUT5=1 LUT6=1)
  Clock Path Skew:        -0.024ns (DCD - SCD + CPR)
    Destination Clock Delay (DCD):    -1.488ns = ( 13.897 - 15.385 ) 
    Source Clock Delay      (SCD):    -0.900ns
    Clock Pessimism Removal (CPR):    0.564ns
  Clock Uncertainty:      0.087ns  ((TSJ^2 + DJ^2)^1/2) / 2 + PE
    Total System Jitter     (TSJ):    0.071ns
    Discrete Jitter          (DJ):    0.159ns
    Phase Error              (PE):    0.000ns

    Location             Delay type                Incr(ns)  Path(ns)    Netlist Resource(s)
  -------------------------------------------------------------------    -------------------
                         (clock clk_65MHz_clk rise edge)
                                                      0.000     0.000 r  
    W5                                                0.000     0.000 r  clk (IN)
                         net (fo=0)                   0.000     0.000    my_clk/inst/clk_in1
    W5                   IBUF (Prop_ibuf_I_O)         1.458     1.458 r  my_clk/inst/clkin1_ibufg/O
                         net (fo=1, routed)           1.233     2.691    my_clk/inst/clk_in1_clk
    MMCME2_ADV_X1Y0      MMCME2_ADV (Prop_mmcme2_adv_CLKIN1_CLKOUT2)
                                                     -6.961    -4.269 r  my_clk/inst/mmcm_adv_inst/CLKOUT2
                         net (fo=2, routed)           1.661    -2.608    my_clk/inst/clk_65MHz_clk
    BUFGCTRL_X0Y1        BUFGCTRL (Prop_bufgctrl_I0_O)
                                                      0.096    -2.512 r  my_clk/inst/clkout3_buf/O
                         net (fo=122, routed)         1.612    -0.900    my_image_playerL_legs/clk_65MHz
    RAMB18_X0Y1          RAMB18E1                                     r  my_image_playerL_legs/rgb_reg_1/CLKARDCLK
  -------------------------------------------------------------------    -------------------
    RAMB18_X0Y1          RAMB18E1 (Prop_ramb18e1_CLKARDCLK_DOADO[2])
                                                      2.454     1.554 f  my_image_playerL_legs/rgb_reg_1/DOADO[2]
                         net (fo=2, routed)           2.001     3.555    my_image_playerL_legs/out[11]
    SLICE_X2Y19          LUT4 (Prop_lut4_I1_O)        0.124     3.679 f  my_image_playerL_legs/rgb_out[11]_i_13/O
                         net (fo=1, routed)           1.080     4.759    my_image_playerL_legs/rgb_out[11]_i_13_n_0
    SLICE_X5Y20          LUT6 (Prop_lut6_I0_O)        0.124     4.883 r  my_image_playerL_legs/rgb_out[11]_i_6/O
                         net (fo=13, routed)          0.481     5.364    my_background/rgb_reg_0_7
    SLICE_X5Y19          LUT4 (Prop_lut4_I2_O)        0.124     5.488 f  my_background/rgb_out[11]_i_2/O
                         net (fo=12, routed)          0.728     6.216    my_background/rgb_out[11]_i_2_n_0
    SLICE_X7Y18          LUT5 (Prop_lut5_I0_O)        0.124     6.340 r  my_background/rgb_out[11]_i_1/O
                         net (fo=1, routed)           0.000     6.340    my_players/rgb_reg_1_0[11]
    SLICE_X7Y18          FDCE                                         r  my_players/rgb_out_reg[11]/D
  -------------------------------------------------------------------    -------------------

                         (clock clk_65MHz_clk rise edge)
                                                     15.385    15.385 r  
    W5                                                0.000    15.385 r  clk (IN)
                         net (fo=0)                   0.000    15.385    my_clk/inst/clk_in1
    W5                   IBUF (Prop_ibuf_I_O)         1.388    16.773 r  my_clk/inst/clkin1_ibufg/O
                         net (fo=1, routed)           1.162    17.935    my_clk/inst/clk_in1_clk
    MMCME2_ADV_X1Y0      MMCME2_ADV (Prop_mmcme2_adv_CLKIN1_CLKOUT2)
                                                     -7.217    10.717 r  my_clk/inst/mmcm_adv_inst/CLKOUT2
                         net (fo=2, routed)           1.581    12.298    my_clk/inst/clk_65MHz_clk
    BUFGCTRL_X0Y1        BUFGCTRL (Prop_bufgctrl_I0_O)
                                                      0.091    12.389 r  my_clk/inst/clkout3_buf/O
                         net (fo=122, routed)         1.507    13.897    my_players/clk_65MHz
    SLICE_X7Y18          FDCE                                         r  my_players/rgb_out_reg[11]/C
                         clock pessimism              0.564    14.460    
                         clock uncertainty           -0.087    14.373    
    SLICE_X7Y18          FDCE (Setup_fdce_C_D)        0.031    14.404    my_players/rgb_out_reg[11]
  -------------------------------------------------------------------
                         required time                         14.404    
                         arrival time                          -6.340    
  -------------------------------------------------------------------
                         slack                                  8.064    





Min Delay Paths
--------------------------------------------------------------------------------------
Slack (MET) :             0.095ns  (arrival time - required time)
  Source:                 my_players/pixel_addr_playerR_head_reg[5]/C
                            (rising edge-triggered cell FDRE clocked by clk_65MHz_clk  {rise@0.000ns fall@7.692ns period=15.385ns})
  Destination:            my_image_playerR_head/rgb_reg_0/ADDRARDADDR[8]
                            (rising edge-triggered cell RAMB36E1 clocked by clk_65MHz_clk  {rise@0.000ns fall@7.692ns period=15.385ns})
  Path Group:             clk_65MHz_clk
  Path Type:              Hold (Min at Fast Process Corner)
  Requirement:            0.000ns  (clk_65MHz_clk rise@0.000ns - clk_65MHz_clk rise@0.000ns)
  Data Path Delay:        0.351ns  (logic 0.164ns (46.716%)  route 0.187ns (53.284%))
  Logic Levels:           0  
  Clock Path Skew:        0.073ns (DCD - SCD - CPR)
    Destination Clock Delay (DCD):    -0.826ns
    Source Clock Delay      (SCD):    -0.625ns
    Clock Pessimism Removal (CPR):    -0.274ns

    Location             Delay type                Incr(ns)  Path(ns)    Netlist Resource(s)
  -------------------------------------------------------------------    -------------------
                         (clock clk_65MHz_clk rise edge)
                                                      0.000     0.000 r  
    W5                                                0.000     0.000 r  clk (IN)
                         net (fo=0)                   0.000     0.000    my_clk/inst/clk_in1
    W5                   IBUF (Prop_ibuf_I_O)         0.226     0.226 r  my_clk/inst/clkin1_ibufg/O
                         net (fo=1, routed)           0.440     0.667    my_clk/inst/clk_in1_clk
    MMCME2_ADV_X1Y0      MMCME2_ADV (Prop_mmcme2_adv_CLKIN1_CLKOUT2)
                                                     -2.360    -1.693 r  my_clk/inst/mmcm_adv_inst/CLKOUT2
                         net (fo=2, routed)           0.486    -1.207    my_clk/inst/clk_65MHz_clk
    BUFGCTRL_X0Y1        BUFGCTRL (Prop_bufgctrl_I0_O)
                                                      0.026    -1.181 r  my_clk/inst/clkout3_buf/O
                         net (fo=122, routed)         0.556    -0.625    my_players/clk_65MHz
    SLICE_X10Y21         FDRE                                         r  my_players/pixel_addr_playerR_head_reg[5]/C
  -------------------------------------------------------------------    -------------------
    SLICE_X10Y21         FDRE (Prop_fdre_C_Q)         0.164    -0.461 r  my_players/pixel_addr_playerR_head_reg[5]/Q
                         net (fo=4, routed)           0.187    -0.274    my_image_playerR_head/ADDRARDADDR[5]
    RAMB36_X0Y4          RAMB36E1                                     r  my_image_playerR_head/rgb_reg_0/ADDRARDADDR[8]
  -------------------------------------------------------------------    -------------------

                         (clock clk_65MHz_clk rise edge)
                                                      0.000     0.000 r  
    W5                                                0.000     0.000 r  clk (IN)
                         net (fo=0)                   0.000     0.000    my_clk/inst/clk_in1
    W5                   IBUF (Prop_ibuf_I_O)         0.414     0.414 r  my_clk/inst/clkin1_ibufg/O
                         net (fo=1, routed)           0.480     0.894    my_clk/inst/clk_in1_clk
    MMCME2_ADV_X1Y0      MMCME2_ADV (Prop_mmcme2_adv_CLKIN1_CLKOUT2)
                                                     -3.142    -2.248 r  my_clk/inst/mmcm_adv_inst/CLKOUT2
                         net (fo=2, routed)           0.530    -1.718    my_clk/inst/clk_65MHz_clk
    BUFGCTRL_X0Y1        BUFGCTRL (Prop_bufgctrl_I0_O)
                                                      0.029    -1.689 r  my_clk/inst/clkout3_buf/O
                         net (fo=122, routed)         0.863    -0.826    my_image_playerR_head/clk_65MHz
    RAMB36_X0Y4          RAMB36E1                                     r  my_image_playerR_head/rgb_reg_0/CLKARDCLK
                         clock pessimism              0.274    -0.552    
    RAMB36_X0Y4          RAMB36E1 (Hold_ramb36e1_CLKARDCLK_ADDRARDADDR[8])
                                                      0.183    -0.369    my_image_playerR_head/rgb_reg_0
  -------------------------------------------------------------------
                         required time                          0.369    
                         arrival time                          -0.274    
  -------------------------------------------------------------------
                         slack                                  0.095    





Pulse Width Checks
--------------------------------------------------------------------------------------
Clock Name:         clk_65MHz_clk
Waveform(ns):       { 0.000 7.692 }
Period(ns):         15.385
Sources:            { my_clk/inst/mmcm_adv_inst/CLKOUT2 }

Check Type        Corner  Lib Pin             Reference Pin  Required(ns)  Actual(ns)  Slack(ns)  Location         Pin
Min Period        n/a     RAMB18E1/CLKARDCLK  n/a            2.576         15.385      12.809     RAMB18_X0Y0      my_image_playerL_head/rgb_reg_1/CLKARDCLK
Max Period        n/a     MMCME2_ADV/CLKOUT2  n/a            213.360       15.385      197.975    MMCME2_ADV_X1Y0  my_clk/inst/mmcm_adv_inst/CLKOUT2
Low Pulse Width   Fast    FDCE/C              n/a            0.500         7.692       7.192      SLICE_X4Y24      my_background/hblnk_out_reg/C
High Pulse Width  Slow    FDCE/C              n/a            0.500         7.692       7.192      SLICE_X4Y24      my_background/hblnk_out_reg/C



---------------------------------------------------------------------------------------------------
From Clock:  clkfbout_clk
  To Clock:  clkfbout_clk

Setup :           NA  Failing Endpoints,  Worst Slack           NA  ,  Total Violation           NA
Hold  :           NA  Failing Endpoints,  Worst Slack           NA  ,  Total Violation           NA
PW    :            0  Failing Endpoints,  Worst Slack        7.845ns,  Total Violation        0.000ns
---------------------------------------------------------------------------------------------------


Pulse Width Checks
--------------------------------------------------------------------------------------
Clock Name:         clkfbout_clk
Waveform(ns):       { 0.000 5.000 }
Period(ns):         10.000
Sources:            { my_clk/inst/mmcm_adv_inst/CLKFBOUT }

Check Type  Corner  Lib Pin             Reference Pin  Required(ns)  Actual(ns)  Slack(ns)  Location         Pin
Min Period  n/a     BUFG/I              n/a            2.155         10.000      7.845      BUFGCTRL_X0Y2    my_clk/inst/clkf_buf/I
Max Period  n/a     MMCME2_ADV/CLKFBIN  n/a            100.000       10.000      90.000     MMCME2_ADV_X1Y0  my_clk/inst/mmcm_adv_inst/CLKFBIN



---------------------------------------------------------------------------------------------------
From Clock:  clk_50MHz_clk
  To Clock:  clk_65MHz_clk

Setup :           24  Failing Endpoints,  Worst Slack       -6.763ns,  Total Violation     -101.428ns
Hold  :            0  Failing Endpoints,  Worst Slack        0.060ns,  Total Violation        0.000ns
---------------------------------------------------------------------------------------------------


Max Delay Paths
--------------------------------------------------------------------------------------
Slack (VIOLATED) :        -6.763ns  (required time - arrival time)
  Source:                 my_k_playerR/RP_x_pos_reg[2]/C
                            (rising edge-triggered cell FDCE clocked by clk_50MHz_clk  {rise@0.000ns fall@10.000ns period=20.000ns})
  Destination:            my_players/rgb_out_reg[3]/D
                            (rising edge-triggered cell FDCE clocked by clk_65MHz_clk  {rise@0.000ns fall@7.692ns period=15.385ns})
  Path Group:             clk_65MHz_clk
  Path Type:              Setup (Max at Slow Process Corner)
  Requirement:            1.538ns  (clk_65MHz_clk rise@61.538ns - clk_50MHz_clk rise@60.000ns)
  Data Path Delay:        8.035ns  (logic 3.972ns (49.437%)  route 4.063ns (50.563%))
  Logic Levels:           10  (CARRY4=5 LUT1=1 LUT4=2 LUT5=1 LUT6=1)
  Clock Path Skew:        -0.135ns (DCD - SCD + CPR)
    Destination Clock Delay (DCD):    -1.489ns = ( 60.049 - 61.538 ) 
    Source Clock Delay      (SCD):    -0.956ns = ( 59.044 - 60.000 ) 
    Clock Pessimism Removal (CPR):    0.398ns
  Clock Uncertainty:      0.211ns  ((TSJ^2 + DJ^2)^1/2) / 2 + PE
    Total System Jitter     (TSJ):    0.071ns
    Discrete Jitter          (DJ):    0.168ns
    Phase Error              (PE):    0.120ns

    Location             Delay type                Incr(ns)  Path(ns)    Netlist Resource(s)
  -------------------------------------------------------------------    -------------------
                         (clock clk_50MHz_clk rise edge)
                                                     60.000    60.000 r  
    W5                                                0.000    60.000 r  clk (IN)
                         net (fo=0)                   0.000    60.000    my_clk/inst/clk_in1
    W5                   IBUF (Prop_ibuf_I_O)         1.458    61.458 r  my_clk/inst/clkin1_ibufg/O
                         net (fo=1, routed)           1.233    62.691    my_clk/inst/clk_in1_clk
    MMCME2_ADV_X1Y0      MMCME2_ADV (Prop_mmcme2_adv_CLKIN1_CLKOUT1)
                                                     -6.961    55.731 r  my_clk/inst/mmcm_adv_inst/CLKOUT1
                         net (fo=2, routed)           1.661    57.392    my_clk/inst/clk_50MHz_clk
    BUFGCTRL_X0Y0        BUFGCTRL (Prop_bufgctrl_I0_O)
                                                      0.096    57.488 r  my_clk/inst/clkout2_buf/O
                         net (fo=211, routed)         1.556    59.044    my_k_playerR/clk_50MHz
    SLICE_X9Y20          FDCE                                         r  my_k_playerR/RP_x_pos_reg[2]/C
  -------------------------------------------------------------------    -------------------
    SLICE_X9Y20          FDCE (Prop_fdce_C_Q)         0.456    59.500 r  my_k_playerR/RP_x_pos_reg[2]/Q
                         net (fo=6, routed)           0.879    60.380    my_k_playerR/RP_x_pos[2]
    SLICE_X9Y20          CARRY4 (Prop_carry4_S[1]_CO[3])
                                                      0.674    61.054 r  my_k_playerR/rgb_out_nxt5_carry_i_1/CO[3]
                         net (fo=1, routed)           0.000    61.054    my_k_playerR/rgb_out_nxt5_carry_i_1_n_0
    SLICE_X9Y21          CARRY4 (Prop_carry4_CI_O[1])
                                                      0.334    61.388 f  my_k_playerR/rgb_out_nxt5_carry__0_i_1/O[1]
                         net (fo=3, routed)           0.601    61.989    my_k_playerR/xpos_playerR[4]
    SLICE_X8Y21          LUT1 (Prop_lut1_I0_O)        0.303    62.292 r  my_k_playerR/rgb_out_nxt5_carry__0_i_2/O
                         net (fo=1, routed)           0.000    62.292    my_players/RP_x_pos_reg[6][0]
    SLICE_X8Y21          CARRY4 (Prop_carry4_S[1]_CO[3])
                                                      0.533    62.825 r  my_players/rgb_out_nxt5_carry__0/CO[3]
                         net (fo=1, routed)           0.000    62.825    my_players/rgb_out_nxt5_carry__0_n_0
    SLICE_X8Y22          CARRY4 (Prop_carry4_CI_O[2])
                                                      0.239    63.064 r  my_players/rgb_out_nxt5_carry__1/O[2]
                         net (fo=2, routed)           0.831    63.895    my_players/rgb_out_nxt5[10]
    SLICE_X6Y21          LUT4 (Prop_lut4_I0_O)        0.301    64.196 r  my_players/i__carry__0_i_4/O
                         net (fo=1, routed)           0.000    64.196    my_players/i__carry__0_i_4_n_0
    SLICE_X6Y21          CARRY4 (Prop_carry4_S[1]_CO[2])
                                                      0.574    64.770 r  my_players/rgb_out_nxt4_inferred__0/i__carry__0/CO[2]
                         net (fo=3, routed)           0.475    65.245    my_image_playerR_legs/hcount_out_reg[11][0]
    SLICE_X7Y19          LUT6 (Prop_lut6_I5_O)        0.310    65.555 r  my_image_playerR_legs/rgb_out[11]_i_12/O
                         net (fo=12, routed)          0.554    66.109    my_image_playerR_legs/rgb_out[11]_i_12_n_0
    SLICE_X4Y18          LUT4 (Prop_lut4_I2_O)        0.124    66.233 r  my_image_playerR_legs/rgb_out[3]_i_3/O
                         net (fo=1, routed)           0.722    66.955    my_background/rgb_out_reg[3]_4
    SLICE_X6Y19          LUT5 (Prop_lut5_I3_O)        0.124    67.079 r  my_background/rgb_out[3]_i_1/O
                         net (fo=1, routed)           0.000    67.079    my_players/rgb_reg_1_0[3]
    SLICE_X6Y19          FDCE                                         r  my_players/rgb_out_reg[3]/D
  -------------------------------------------------------------------    -------------------

                         (clock clk_65MHz_clk rise edge)
                                                     61.538    61.538 r  
    W5                                                0.000    61.538 r  clk (IN)
                         net (fo=0)                   0.000    61.538    my_clk/inst/clk_in1
    W5                   IBUF (Prop_ibuf_I_O)         1.388    62.926 r  my_clk/inst/clkin1_ibufg/O
                         net (fo=1, routed)           1.162    64.088    my_clk/inst/clk_in1_clk
    MMCME2_ADV_X1Y0      MMCME2_ADV (Prop_mmcme2_adv_CLKIN1_CLKOUT2)
                                                     -7.217    56.871 r  my_clk/inst/mmcm_adv_inst/CLKOUT2
                         net (fo=2, routed)           1.581    58.452    my_clk/inst/clk_65MHz_clk
    BUFGCTRL_X0Y1        BUFGCTRL (Prop_bufgctrl_I0_O)
                                                      0.091    58.543 r  my_clk/inst/clkout3_buf/O
                         net (fo=122, routed)         1.506    60.049    my_players/clk_65MHz
    SLICE_X6Y19          FDCE                                         r  my_players/rgb_out_reg[3]/C
                         clock pessimism              0.398    60.448    
                         clock uncertainty           -0.211    60.237    
    SLICE_X6Y19          FDCE (Setup_fdce_C_D)        0.079    60.316    my_players/rgb_out_reg[3]
  -------------------------------------------------------------------
                         required time                         60.316    
                         arrival time                         -67.079    
  -------------------------------------------------------------------
                         slack                                 -6.763    





Min Delay Paths
--------------------------------------------------------------------------------------
Slack (MET) :             0.060ns  (arrival time - required time)
  Source:                 my_k_playerR/RP_x_pos_reg[3]/C
                            (rising edge-triggered cell FDCE clocked by clk_50MHz_clk  {rise@0.000ns fall@10.000ns period=20.000ns})
  Destination:            my_players/pixel_addr_playerR_head_reg[3]/D
                            (rising edge-triggered cell FDRE clocked by clk_65MHz_clk  {rise@0.000ns fall@7.692ns period=15.385ns})
  Path Group:             clk_65MHz_clk
  Path Type:              Hold (Min at Fast Process Corner)
  Requirement:            0.000ns  (clk_65MHz_clk rise@0.000ns - clk_50MHz_clk rise@0.000ns)
  Data Path Delay:        0.721ns  (logic 0.424ns (58.847%)  route 0.297ns (41.153%))
  Logic Levels:           4  (CARRY4=2 LUT2=2)
  Clock Path Skew:        0.316ns (DCD - SCD - CPR)
    Destination Clock Delay (DCD):    -0.865ns
    Source Clock Delay      (SCD):    -0.625ns
    Clock Pessimism Removal (CPR):    -0.555ns
  Clock Uncertainty:      0.211ns  ((TSJ^2 + DJ^2)^1/2) / 2 + PE
    Total System Jitter     (TSJ):    0.071ns
    Discrete Jitter          (DJ):    0.168ns
    Phase Error              (PE):    0.120ns

    Location             Delay type                Incr(ns)  Path(ns)    Netlist Resource(s)
  -------------------------------------------------------------------    -------------------
                         (clock clk_50MHz_clk rise edge)
                                                      0.000     0.000 r  
    W5                                                0.000     0.000 r  clk (IN)
                         net (fo=0)                   0.000     0.000    my_clk/inst/clk_in1
    W5                   IBUF (Prop_ibuf_I_O)         0.226     0.226 r  my_clk/inst/clkin1_ibufg/O
                         net (fo=1, routed)           0.440     0.667    my_clk/inst/clk_in1_clk
    MMCME2_ADV_X1Y0      MMCME2_ADV (Prop_mmcme2_adv_CLKIN1_CLKOUT1)
                                                     -2.360    -1.693 r  my_clk/inst/mmcm_adv_inst/CLKOUT1
                         net (fo=2, routed)           0.486    -1.207    my_clk/inst/clk_50MHz_clk
    BUFGCTRL_X0Y0        BUFGCTRL (Prop_bufgctrl_I0_O)
                                                      0.026    -1.181 r  my_clk/inst/clkout2_buf/O
                         net (fo=211, routed)         0.556    -0.625    my_k_playerR/clk_50MHz
    SLICE_X9Y21          FDCE                                         r  my_k_playerR/RP_x_pos_reg[3]/C
  -------------------------------------------------------------------    -------------------
    SLICE_X9Y21          FDCE (Prop_fdce_C_Q)         0.141    -0.484 r  my_k_playerR/RP_x_pos_reg[3]/Q
                         net (fo=4, routed)           0.149    -0.335    my_k_playerR/RP_x_pos[3]
    SLICE_X9Y20          LUT2 (Prop_lut2_I1_O)        0.045    -0.290 r  my_k_playerR/rgb_out_nxt5_carry_i_4/O
                         net (fo=1, routed)           0.000    -0.290    my_k_playerR/rgb_out_nxt5_carry_i_4_n_0
    SLICE_X9Y20          CARRY4 (Prop_carry4_S[2]_O[2])
                                                      0.066    -0.224 r  my_k_playerR/rgb_out_nxt5_carry_i_1/O[2]
                         net (fo=3, routed)           0.147    -0.077    my_background/xpos_playerR[2]
    SLICE_X10Y20         LUT2 (Prop_lut2_I1_O)        0.108     0.031 r  my_background/addrx_playerR_head_carry_i_1/O
                         net (fo=1, routed)           0.000     0.031    my_players/S[3]
    SLICE_X10Y20         CARRY4 (Prop_carry4_S[3]_O[3])
                                                      0.064     0.095 r  my_players/addrx_playerR_head_carry/O[3]
                         net (fo=1, routed)           0.000     0.095    my_players/addrx_playerR_legs0_out[3]
    SLICE_X10Y20         FDRE                                         r  my_players/pixel_addr_playerR_head_reg[3]/D
  -------------------------------------------------------------------    -------------------

                         (clock clk_65MHz_clk rise edge)
                                                      0.000     0.000 r  
    W5                                                0.000     0.000 r  clk (IN)
                         net (fo=0)                   0.000     0.000    my_clk/inst/clk_in1
    W5                   IBUF (Prop_ibuf_I_O)         0.414     0.414 r  my_clk/inst/clkin1_ibufg/O
                         net (fo=1, routed)           0.480     0.894    my_clk/inst/clk_in1_clk
    MMCME2_ADV_X1Y0      MMCME2_ADV (Prop_mmcme2_adv_CLKIN1_CLKOUT2)
                                                     -3.142    -2.248 r  my_clk/inst/mmcm_adv_inst/CLKOUT2
                         net (fo=2, routed)           0.530    -1.718    my_clk/inst/clk_65MHz_clk
    BUFGCTRL_X0Y1        BUFGCTRL (Prop_bufgctrl_I0_O)
                                                      0.029    -1.689 r  my_clk/inst/clkout3_buf/O
                         net (fo=122, routed)         0.825    -0.865    my_players/clk_65MHz
    SLICE_X10Y20         FDRE                                         r  my_players/pixel_addr_playerR_head_reg[3]/C
                         clock pessimism              0.555    -0.310    
                         clock uncertainty            0.211    -0.099    
    SLICE_X10Y20         FDRE (Hold_fdre_C_D)         0.134     0.035    my_players/pixel_addr_playerR_head_reg[3]
  -------------------------------------------------------------------
                         required time                         -0.035    
                         arrival time                           0.095    
  -------------------------------------------------------------------
                         slack                                  0.060    





