
*** Running vivado
    with args -log top.vds -m64 -product Vivado -mode batch -messageDb vivado.pb -notrace -source top.tcl


****** Vivado v2017.3 (64-bit)
  **** SW Build 2018833 on Wed Oct  4 19:58:22 MDT 2017
  **** IP Build 2016188 on Wed Oct  4 21:52:56 MDT 2017
    ** Copyright 1986-2017 Xilinx, Inc. All Rights Reserved.

source top.tcl -notrace
Command: synth_design -top top -part xc7a35tcpg236-1 -flatten_hierarchy none -directive RuntimeOptimized -fsm_extraction off
Starting synth_design
Attempting to get a license for feature 'Synthesis' and/or device 'xc7a35t'
INFO: [Common 17-349] Got license for feature 'Synthesis' and/or device 'xc7a35t'
INFO: Launching helper process for spawning children vivado processes
INFO: Helper process launched with PID 6700 
---------------------------------------------------------------------------------
Starting RTL Elaboration : Time (s): cpu = 00:00:04 ; elapsed = 00:00:05 . Memory (MB): peak = 353.613 ; gain = 95.215
---------------------------------------------------------------------------------
INFO: [Synth 8-638] synthesizing module 'top' [C:/__Programowanie__/Vivado/PrzemyslawKurzak/Projekt_keyboard/Basys-3-Keyboard/src/hdl/top.v:23]
INFO: [Synth 8-638] synthesizing module 'PS2Receiver' [C:/__Programowanie__/Vivado/PrzemyslawKurzak/Projekt_keyboard/Basys-3-Keyboard/src/hdl/PS2Receiver.v:23]
INFO: [Synth 8-638] synthesizing module 'debouncer' [C:/__Programowanie__/Vivado/PrzemyslawKurzak/Projekt_keyboard/Basys-3-Keyboard/src/hdl/debouncer.v:23]
	Parameter COUNT_MAX bound to: 19 - type: integer 
	Parameter COUNT_WIDTH bound to: 5 - type: integer 
INFO: [Synth 8-256] done synthesizing module 'debouncer' (1#1) [C:/__Programowanie__/Vivado/PrzemyslawKurzak/Projekt_keyboard/Basys-3-Keyboard/src/hdl/debouncer.v:23]
INFO: [Synth 8-155] case statement is not full and has no default [C:/__Programowanie__/Vivado/PrzemyslawKurzak/Projekt_keyboard/Basys-3-Keyboard/src/hdl/PS2Receiver.v:55]
INFO: [Synth 8-256] done synthesizing module 'PS2Receiver' (2#1) [C:/__Programowanie__/Vivado/PrzemyslawKurzak/Projekt_keyboard/Basys-3-Keyboard/src/hdl/PS2Receiver.v:23]
WARNING: [Synth 8-567] referenced signal 'keycodev' should be on the sensitivity list [C:/__Programowanie__/Vivado/PrzemyslawKurzak/Projekt_keyboard/Basys-3-Keyboard/src/hdl/top.v:55]
INFO: [Synth 8-638] synthesizing module 'bin2ascii' [C:/__Programowanie__/Vivado/PrzemyslawKurzak/Projekt_keyboard/Basys-3-Keyboard/src/hdl/bin2ascii.v:23]
	Parameter NBYTES bound to: 2 - type: integer 
INFO: [Synth 8-256] done synthesizing module 'bin2ascii' (3#1) [C:/__Programowanie__/Vivado/PrzemyslawKurzak/Projekt_keyboard/Basys-3-Keyboard/src/hdl/bin2ascii.v:23]
INFO: [Synth 8-638] synthesizing module 'uart_buf_con' [C:/__Programowanie__/Vivado/PrzemyslawKurzak/Projekt_keyboard/Basys-3-Keyboard/src/hdl/uart_buf_con.v:23]
INFO: [Synth 8-256] done synthesizing module 'uart_buf_con' (4#1) [C:/__Programowanie__/Vivado/PrzemyslawKurzak/Projekt_keyboard/Basys-3-Keyboard/src/hdl/uart_buf_con.v:23]
INFO: [Synth 8-638] synthesizing module 'uart_tx' [C:/__Programowanie__/Vivado/PrzemyslawKurzak/Projekt_keyboard/Basys-3-Keyboard/src/hdl/uart_tx.v:23]
	Parameter CD_MAX bound to: 10416 - type: integer 
	Parameter CD_WIDTH bound to: 16 - type: integer 
INFO: [Synth 8-256] done synthesizing module 'uart_tx' (5#1) [C:/__Programowanie__/Vivado/PrzemyslawKurzak/Projekt_keyboard/Basys-3-Keyboard/src/hdl/uart_tx.v:23]
INFO: [Synth 8-256] done synthesizing module 'top' (6#1) [C:/__Programowanie__/Vivado/PrzemyslawKurzak/Projekt_keyboard/Basys-3-Keyboard/src/hdl/top.v:23]
---------------------------------------------------------------------------------
Finished RTL Elaboration : Time (s): cpu = 00:00:05 ; elapsed = 00:00:06 . Memory (MB): peak = 394.695 ; gain = 136.297
---------------------------------------------------------------------------------

Report Check Netlist: 
+------+------------------+-------+---------+-------+------------------+
|      |Item              |Errors |Warnings |Status |Description       |
+------+------------------+-------+---------+-------+------------------+
|1     |multi_driven_nets |      0|        0|Passed |Multi driven nets |
+------+------------------+-------+---------+-------+------------------+
---------------------------------------------------------------------------------
Finished RTL Optimization Phase 1 : Time (s): cpu = 00:00:05 ; elapsed = 00:00:06 . Memory (MB): peak = 394.695 ; gain = 136.297
---------------------------------------------------------------------------------
INFO: [Device 21-403] Loading part xc7a35tcpg236-1
INFO: [Project 1-570] Preparing netlist for logic optimization

Processing XDC Constraints
Initializing timing engine
Parsing XDC File [C:/__Programowanie__/Vivado/PrzemyslawKurzak/Projekt_keyboard/Basys-3-Keyboard/src/constraints/Basys3_Master.xdc]
Finished Parsing XDC File [C:/__Programowanie__/Vivado/PrzemyslawKurzak/Projekt_keyboard/Basys-3-Keyboard/src/constraints/Basys3_Master.xdc]
INFO: [Project 1-236] Implementation specific constraints were found while reading constraint file [C:/__Programowanie__/Vivado/PrzemyslawKurzak/Projekt_keyboard/Basys-3-Keyboard/src/constraints/Basys3_Master.xdc]. These constraints will be ignored for synthesis but will be used in implementation. Impacted constraints are listed in the file [.Xil/top_propImpl.xdc].
Resolution: To avoid this warning, move constraints listed in [.Xil/top_propImpl.xdc] to another XDC file and exclude this new file from synthesis with the used_in_synthesis property (File Properties dialog in GUI) and re-run elaboration/synthesis.
Completed Processing XDC Constraints

INFO: [Project 1-111] Unisim Transformation Summary:
No Unisim elements were transformed.

Constraint Validation Runtime : Time (s): cpu = 00:00:00 ; elapsed = 00:00:00.003 . Memory (MB): peak = 705.785 ; gain = 0.000
---------------------------------------------------------------------------------
Finished Constraint Validation : Time (s): cpu = 00:00:15 ; elapsed = 00:00:16 . Memory (MB): peak = 705.785 ; gain = 447.387
---------------------------------------------------------------------------------
---------------------------------------------------------------------------------
Start Loading Part and Timing Information
---------------------------------------------------------------------------------
Loading part: xc7a35tcpg236-1
---------------------------------------------------------------------------------
Finished Loading Part and Timing Information : Time (s): cpu = 00:00:15 ; elapsed = 00:00:16 . Memory (MB): peak = 705.785 ; gain = 447.387
---------------------------------------------------------------------------------
---------------------------------------------------------------------------------
Start Applying 'set_property' XDC Constraints
---------------------------------------------------------------------------------
---------------------------------------------------------------------------------
Finished applying 'set_property' XDC Constraints : Time (s): cpu = 00:00:15 ; elapsed = 00:00:16 . Memory (MB): peak = 705.785 ; gain = 447.387
---------------------------------------------------------------------------------
INFO: [Synth 8-5546] ROM "O" won't be mapped to RAM because it is too sparse
INFO: [Synth 8-5546] ROM "count" won't be mapped to RAM because it is too sparse
WARNING: [Synth 8-6014] Unused sequential element count_reg was removed.  [C:/__Programowanie__/Vivado/PrzemyslawKurzak/Projekt_keyboard/Basys-3-Keyboard/src/hdl/debouncer.v:33]
INFO: [Synth 8-5544] ROM "cnt" won't be mapped to Block RAM because address size (4) smaller than threshold (5)
WARNING: [Synth 8-6014] Unused sequential element cnt_reg was removed.  [C:/__Programowanie__/Vivado/PrzemyslawKurzak/Projekt_keyboard/Basys-3-Keyboard/src/hdl/PS2Receiver.v:55]
INFO: [Synth 8-5544] ROM "running" won't be mapped to Block RAM because address size (3) smaller than threshold (5)
INFO: [Synth 8-5546] ROM "shift" won't be mapped to RAM because it is too sparse
INFO: [Synth 8-5544] ROM "running" won't be mapped to Block RAM because address size (4) smaller than threshold (5)
INFO: [Synth 8-5546] ROM "bcount" won't be mapped to RAM because it is too sparse
---------------------------------------------------------------------------------
Finished RTL Optimization Phase 2 : Time (s): cpu = 00:00:15 ; elapsed = 00:00:17 . Memory (MB): peak = 705.785 ; gain = 447.387
---------------------------------------------------------------------------------

Report RTL Partitions: 
+-+--------------+------------+----------+
| |RTL Partition |Replication |Instances |
+-+--------------+------------+----------+
+-+--------------+------------+----------+
---------------------------------------------------------------------------------
Start RTL Component Statistics 
---------------------------------------------------------------------------------
Detailed RTL Component Info : 
+---Adders : 
	   2 Input     16 Bit       Adders := 1     
	   2 Input      7 Bit       Adders := 4     
	   2 Input      5 Bit       Adders := 2     
	   2 Input      4 Bit       Adders := 2     
	   2 Input      3 Bit       Adders := 2     
+---Registers : 
	               32 Bit    Registers := 1     
	               16 Bit    Registers := 3     
	               11 Bit    Registers := 1     
	                8 Bit    Registers := 1     
	                5 Bit    Registers := 2     
	                4 Bit    Registers := 2     
	                3 Bit    Registers := 1     
	                1 Bit    Registers := 11    
+---Muxes : 
	   2 Input     16 Bit        Muxes := 1     
	   2 Input     11 Bit        Muxes := 1     
	   2 Input      7 Bit        Muxes := 4     
	   2 Input      4 Bit        Muxes := 2     
	   2 Input      3 Bit        Muxes := 4     
	   2 Input      1 Bit        Muxes := 15    
	   3 Input      1 Bit        Muxes := 1     
	  12 Input      1 Bit        Muxes := 2     
---------------------------------------------------------------------------------
Finished RTL Component Statistics 
---------------------------------------------------------------------------------
---------------------------------------------------------------------------------
Start RTL Hierarchical Component Statistics 
---------------------------------------------------------------------------------
Hierarchical RTL Component report 
Module top 
Detailed RTL Component Info : 
+---Registers : 
	               16 Bit    Registers := 1     
	                1 Bit    Registers := 2     
+---Muxes : 
	   2 Input      3 Bit        Muxes := 2     
	   2 Input      1 Bit        Muxes := 1     
Module debouncer 
Detailed RTL Component Info : 
+---Adders : 
	   2 Input      5 Bit       Adders := 1     
+---Registers : 
	                5 Bit    Registers := 1     
	                1 Bit    Registers := 2     
+---Muxes : 
	   2 Input      1 Bit        Muxes := 2     
Module PS2Receiver 
Detailed RTL Component Info : 
+---Adders : 
	   2 Input      4 Bit       Adders := 1     
+---Registers : 
	               16 Bit    Registers := 1     
	                8 Bit    Registers := 1     
	                4 Bit    Registers := 1     
	                1 Bit    Registers := 2     
+---Muxes : 
	   2 Input      4 Bit        Muxes := 1     
	   3 Input      1 Bit        Muxes := 1     
	  12 Input      1 Bit        Muxes := 2     
Module bin2ascii 
Detailed RTL Component Info : 
+---Adders : 
	   2 Input      7 Bit       Adders := 4     
+---Muxes : 
	   2 Input      7 Bit        Muxes := 4     
Module uart_buf_con 
Detailed RTL Component Info : 
+---Adders : 
	   2 Input      3 Bit       Adders := 2     
+---Registers : 
	               32 Bit    Registers := 1     
	                3 Bit    Registers := 1     
	                1 Bit    Registers := 2     
+---Muxes : 
	   2 Input      3 Bit        Muxes := 2     
	   2 Input      1 Bit        Muxes := 5     
Module uart_tx 
Detailed RTL Component Info : 
+---Adders : 
	   2 Input     16 Bit       Adders := 1     
	   2 Input      4 Bit       Adders := 1     
+---Registers : 
	               16 Bit    Registers := 1     
	               11 Bit    Registers := 1     
	                4 Bit    Registers := 1     
	                1 Bit    Registers := 1     
+---Muxes : 
	   2 Input     16 Bit        Muxes := 1     
	   2 Input     11 Bit        Muxes := 1     
	   2 Input      4 Bit        Muxes := 1     
	   2 Input      1 Bit        Muxes := 5     
---------------------------------------------------------------------------------
Finished RTL Hierarchical Component Statistics
---------------------------------------------------------------------------------
---------------------------------------------------------------------------------
Start Part Resource Summary
---------------------------------------------------------------------------------
Part Resources:
DSPs: 90 (col length:60)
BRAMs: 100 (col length: RAMB18 60 RAMB36 30)
---------------------------------------------------------------------------------
Finished Part Resource Summary
---------------------------------------------------------------------------------
---------------------------------------------------------------------------------
Start Cross Boundary and Area Optimization
---------------------------------------------------------------------------------
INFO: [Synth 8-3333] propagating constant 1 across sequential element (get_tx/\shift_reg[10] )
INFO: [Synth 8-3886] merging instance 'tx_con/pbuf_reg[31]' (FDE) to 'tx_con/pbuf_reg[7]'
INFO: [Synth 8-3886] merging instance 'tx_con/pbuf_reg[23]' (FDE) to 'tx_con/pbuf_reg[7]'
INFO: [Synth 8-3886] merging instance 'tx_con/pbuf_reg[15]' (FDE) to 'tx_con/pbuf_reg[7]'
INFO: [Synth 8-3333] propagating constant 0 across sequential element (tx_con/\pbuf_reg[7] )
INFO: [Synth 8-3886] merging instance 'tx_con/pbuf_reg[29]' (FDE) to 'tx_con/pbuf_reg[28]'
INFO: [Synth 8-3886] merging instance 'tx_con/pbuf_reg[21]' (FDE) to 'tx_con/pbuf_reg[20]'
INFO: [Synth 8-3886] merging instance 'tx_con/pbuf_reg[13]' (FDE) to 'tx_con/pbuf_reg[12]'
INFO: [Synth 8-3886] merging instance 'tx_con/pbuf_reg[5]' (FDE) to 'tx_con/pbuf_reg[4]'
INFO: [Synth 8-3886] merging instance 'uut/dataprev_reg[3]' (FDE) to 'uut/keycode_reg[3]'
INFO: [Synth 8-3886] merging instance 'uut/dataprev_reg[0]' (FDE) to 'uut/keycode_reg[0]'
INFO: [Synth 8-3886] merging instance 'uut/dataprev_reg[1]' (FDE) to 'uut/keycode_reg[1]'
INFO: [Synth 8-3886] merging instance 'uut/dataprev_reg[2]' (FDE) to 'uut/keycode_reg[2]'
INFO: [Synth 8-3886] merging instance 'uut/dataprev_reg[6]' (FDE) to 'uut/keycode_reg[6]'
INFO: [Synth 8-3886] merging instance 'uut/dataprev_reg[4]' (FDE) to 'uut/keycode_reg[4]'
INFO: [Synth 8-3886] merging instance 'uut/dataprev_reg[5]' (FDE) to 'uut/keycode_reg[5]'
INFO: [Synth 8-3886] merging instance 'uut/dataprev_reg[7]' (FDE) to 'uut/keycode_reg[7]'
INFO: [Synth 8-3886] merging instance 'get_tx/shift_reg[10]' (FDE) to 'get_tx/shift_reg[9]'
INFO: [Synth 8-3333] propagating constant 1 across sequential element (get_tx/\shift_reg[9] )
WARNING: [Synth 8-3332] Sequential element (pbuf_reg[7]) is unused and will be removed from module uart_buf_con.
WARNING: [Synth 8-3332] Sequential element (shift_reg[9]) is unused and will be removed from module uart_tx.
---------------------------------------------------------------------------------
Finished Cross Boundary and Area Optimization : Time (s): cpu = 00:00:16 ; elapsed = 00:00:18 . Memory (MB): peak = 705.785 ; gain = 447.387
---------------------------------------------------------------------------------

Report RTL Partitions: 
+-+--------------+------------+----------+
| |RTL Partition |Replication |Instances |
+-+--------------+------------+----------+
+-+--------------+------------+----------+
---------------------------------------------------------------------------------
Start Applying XDC Timing Constraints
---------------------------------------------------------------------------------
---------------------------------------------------------------------------------
Finished Applying XDC Timing Constraints : Time (s): cpu = 00:00:25 ; elapsed = 00:00:27 . Memory (MB): peak = 705.785 ; gain = 447.387
---------------------------------------------------------------------------------

Report RTL Partitions: 
+-+--------------+------------+----------+
| |RTL Partition |Replication |Instances |
+-+--------------+------------+----------+
+-+--------------+------------+----------+
---------------------------------------------------------------------------------
Start Technology Mapping
---------------------------------------------------------------------------------
---------------------------------------------------------------------------------
Finished Technology Mapping : Time (s): cpu = 00:00:25 ; elapsed = 00:00:28 . Memory (MB): peak = 705.785 ; gain = 447.387
---------------------------------------------------------------------------------

Report RTL Partitions: 
+-+--------------+------------+----------+
| |RTL Partition |Replication |Instances |
+-+--------------+------------+----------+
+-+--------------+------------+----------+
---------------------------------------------------------------------------------
Start IO Insertion
---------------------------------------------------------------------------------
---------------------------------------------------------------------------------
Start Final Netlist Cleanup
---------------------------------------------------------------------------------
---------------------------------------------------------------------------------
Finished Final Netlist Cleanup
---------------------------------------------------------------------------------
---------------------------------------------------------------------------------
Finished IO Insertion : Time (s): cpu = 00:00:26 ; elapsed = 00:00:28 . Memory (MB): peak = 705.785 ; gain = 447.387
---------------------------------------------------------------------------------

Report Check Netlist: 
+------+------------------+-------+---------+-------+------------------+
|      |Item              |Errors |Warnings |Status |Description       |
+------+------------------+-------+---------+-------+------------------+
|1     |multi_driven_nets |      0|        0|Passed |Multi driven nets |
+------+------------------+-------+---------+-------+------------------+
---------------------------------------------------------------------------------
Start Renaming Generated Instances
---------------------------------------------------------------------------------
---------------------------------------------------------------------------------
Finished Renaming Generated Instances : Time (s): cpu = 00:00:26 ; elapsed = 00:00:28 . Memory (MB): peak = 705.785 ; gain = 447.387
---------------------------------------------------------------------------------

Report RTL Partitions: 
+-+--------------+------------+----------+
| |RTL Partition |Replication |Instances |
+-+--------------+------------+----------+
+-+--------------+------------+----------+
---------------------------------------------------------------------------------
Start Handling Custom Attributes
---------------------------------------------------------------------------------
---------------------------------------------------------------------------------
Finished Handling Custom Attributes : Time (s): cpu = 00:00:26 ; elapsed = 00:00:28 . Memory (MB): peak = 705.785 ; gain = 447.387
---------------------------------------------------------------------------------
---------------------------------------------------------------------------------
Start Writing Synthesis Report
---------------------------------------------------------------------------------

Report BlackBoxes: 
+-+--------------+----------+
| |BlackBox name |Instances |
+-+--------------+----------+
+-+--------------+----------+

Report Cell Usage: 
+------+-------+------+
|      |Cell   |Count |
+------+-------+------+
|1     |BUFG   |     1|
|2     |CARRY4 |     6|
|3     |LUT1   |     5|
|4     |LUT2   |    27|
|5     |LUT3   |    26|
|6     |LUT4   |    41|
|7     |LUT5   |    26|
|8     |LUT6   |    20|
|9     |FDRE   |   122|
|10    |IBUF   |     3|
|11    |OBUF   |     1|
+------+-------+------+

Report Instance Areas: 
+------+------------+-------------+------+
|      |Instance    |Module       |Cells |
+------+------------+-------------+------+
|1     |top         |             |   278|
|2     |  uut       |PS2Receiver  |    79|
|3     |    db_clk  |debouncer__1 |    16|
|4     |    db_data |debouncer    |    16|
|5     |  conv      |bin2ascii    |    24|
|6     |  tx_con    |uart_buf_con |    51|
|7     |  get_tx    |uart_tx      |    78|
+------+------------+-------------+------+
---------------------------------------------------------------------------------
Finished Writing Synthesis Report : Time (s): cpu = 00:00:26 ; elapsed = 00:00:28 . Memory (MB): peak = 705.785 ; gain = 447.387
---------------------------------------------------------------------------------
Synthesis finished with 0 errors, 0 critical warnings and 4 warnings.
Synthesis Optimization Runtime : Time (s): cpu = 00:00:16 ; elapsed = 00:00:23 . Memory (MB): peak = 705.785 ; gain = 136.297
Synthesis Optimization Complete : Time (s): cpu = 00:00:26 ; elapsed = 00:00:29 . Memory (MB): peak = 705.785 ; gain = 447.387
INFO: [Project 1-571] Translating synthesized netlist
INFO: [Netlist 29-17] Analyzing 9 Unisim elements for replacement
INFO: [Netlist 29-28] Unisim Transformation completed in 0 CPU seconds
INFO: [Project 1-570] Preparing netlist for logic optimization
INFO: [Opt 31-138] Pushed 0 inverter(s) to 0 load pin(s).
INFO: [Project 1-111] Unisim Transformation Summary:
No Unisim elements were transformed.

INFO: [Common 17-83] Releasing license: Synthesis
51 Infos, 5 Warnings, 0 Critical Warnings and 0 Errors encountered.
synth_design completed successfully
synth_design: Time (s): cpu = 00:00:28 ; elapsed = 00:00:30 . Memory (MB): peak = 705.785 ; gain = 460.914
INFO: [Common 17-1381] The checkpoint 'C:/__Programowanie__/Vivado/PrzemyslawKurzak/Projekt_keyboard/Basys-3-Keyboard/proj/Keyboard.runs/synth_1/top.dcp' has been generated.
INFO: [Common 17-206] Exiting Vivado at Mon Aug  3 21:44:05 2020...
